<?xml version="1.0" encoding="UTF-8"?>
<testsuite name="WizardTD.ManaTest" tests="8" skipped="0" failures="0" errors="0" timestamp="2023-10-27T11:50:51" hostname="teresadndiannao.student.wireless.sydney.edu.au" time="0.004">
  <properties/>
  <testcase name="testUpdateManaWithStopOn()" classname="WizardTD.ManaTest" time="0.0"/>
  <testcase name="testSetInitialManaGainedPerSecond()" classname="WizardTD.ManaTest" time="0.0"/>
  <testcase name="testUpdateManaWithDoubleSpeedOff()" classname="WizardTD.ManaTest" time="0.0"/>
  <testcase name="testUpdateManaWithDoubleSpeedOn()" classname="WizardTD.ManaTest" time="0.0"/>
  <testcase name="testSetCurrentMana()" classname="WizardTD.ManaTest" time="0.001"/>
  <testcase name="testUpdateManaWithExceedingManaCap()" classname="WizardTD.ManaTest" time="0.0"/>
  <testcase name="testChangeCost()" classname="WizardTD.ManaTest" time="0.001"/>
  <testcase name="testInitialValues()" classname="WizardTD.ManaTest" time="0.0"/>
  <system-out><![CDATA[]]></system-out>
  <system-err><![CDATA[]]></system-err>
</testsuite>
