<?xml version="1.0" encoding="UTF-8"?>
<testsuite name="WizardTD.WaveTest" tests="7" skipped="0" failures="0" errors="0" timestamp="2023-10-27T11:50:51" hostname="teresadndiannao.student.wireless.sydney.edu.au" time="0.005">
  <properties/>
  <testcase name="testGetSpawnSpeed()" classname="WizardTD.WaveTest" time="0.002"/>
  <testcase name="testGetFixedSpawnSpeed()" classname="WizardTD.WaveTest" time="0.001"/>
  <testcase name="testSetSpawnSpeed()" classname="WizardTD.WaveTest" time="0.0"/>
  <testcase name="testGetDuration()" classname="WizardTD.WaveTest" time="0.001"/>
  <testcase name="testFixedTotalMonster()" classname="WizardTD.WaveTest" time="0.0"/>
  <testcase name="testGetPreWavePause()" classname="WizardTD.WaveTest" time="0.0"/>
  <testcase name="testSetMonsters()" classname="WizardTD.WaveTest" time="0.0"/>
  <system-out><![CDATA[]]></system-out>
  <system-err><![CDATA[]]></system-err>
</testsuite>
